<?xml version="1.0" encoding="UTF-8" ?>
<testsuite tests="1" failures="0" name="com.example.todo.AppTest" time="0.002" errors="0" skipped="0">
  <properties>
    <property name="java.runtime.name" value="OpenJDK Runtime Environment"/>
    <property name="java.vm.version" value="21.0.1+12-29"/>
    <property name="sun.boot.library.path" value="I:\Java\OpenJDK\jdk-21.0.1\bin"/>
    <property name="maven.multiModuleProjectDirectory" value="D:\Training\Walmart\System Design\Workspace\sonar project\simple-todo-java-web"/>
    <property name="java.vm.vendor" value="Oracle Corporation"/>
    <property name="java.vendor.url" value="https://java.oracle.com/"/>
    <property name="guice.disable.misplaced.annotation.check" value="true"/>
    <property name="path.separator" value=";"/>
    <property name="java.vm.name" value="OpenJDK 64-Bit Server VM"/>
    <property name="sun.os.patch.level" value=""/>
    <property name="user.script" value=""/>
    <property name="user.country" value="IN"/>
    <property name="sun.java.launcher" value="SUN_STANDARD"/>
    <property name="java.vm.specification.name" value="Java Virtual Machine Specification"/>
    <property name="user.dir" value="D:\Training\Walmart\System Design\Workspace\sonar project\simple-todo-java-web"/>
    <property name="java.vm.compressedOopsMode" value="Zero based"/>
    <property name="java.runtime.version" value="21.0.1+12-29"/>
    <property name="os.arch" value="amd64"/>
    <property name="java.io.tmpdir" value="C:\Users\Makarand\AppData\Local\Temp\"/>
    <property name="line.separator" value="
"/>
    <property name="java.vm.specification.vendor" value="Oracle Corporation"/>
    <property name="user.variant" value=""/>
    <property name="stderr.encoding" value="cp437"/>
    <property name="os.name" value="Windows 11"/>
    <property name="classworlds.conf" value="C:\Softwares\Maven\apache-maven-3.8.5\bin\m2.conf"/>
    <property name="sun.jnu.encoding" value="Cp1252"/>
    <property name="stdout.encoding" value="cp437"/>
    <property name="java.library.path" value="I:\Java\OpenJDK\jdk-21.0.1\bin;C:\WINDOWS\Sun\Java\bin;C:\WINDOWS\system32;C:\WINDOWS;I:\Oracle\app\oracle\product\11.2.0\server\bin;C:\Program Files\Microsoft SDKs\Azure\CLI2\wbin;C:\Softwares\Database\Oracle\11g\app\oracle\product\11.2.0\server\bin;C:\Program Files (x86)\Intel\Intel(R) Management Engine Components\iCLS\;C:\Program Files\Intel\Intel(R) Management Engine Components\iCLS\;C:\WINDOWS\system32;C:\WINDOWS;C:\WINDOWS\System32\Wbem;C:\WINDOWS\System32\WindowsPowerShell\v1.0\;C:\WINDOWS\System32\OpenSSH\;C:\Program Files (x86)\Intel\Intel(R) Management Engine Components\DAL;C:\Program Files\Intel\Intel(R) Management Engine Components\DAL;C:\Program Files (x86)\Intel\Intel(R) Management Engine Components\IPT;C:\Program Files\Intel\Intel(R) Management Engine Components\IPT;C:\Program Files\Intel\WiFi\bin\;C:\Program Files\Common Files\Intel\WirelessCommon\;C:\Softwares\Maven\apache-maven-3.8.5\bin;C:\Softwares\SonarQube\sonar-scanner-2.8\bin;C:\Softwares\Spring CLI\spring-2.3.0.RELEASE\bin;C:\Softwares\Gradle\gradle-6.8.3\bin;D:\Technology\Softwares\Zoomit;I:\Git\cmd;C:\Program Files\dotnet\;C:\Program Files\Microsoft SQL Server\150\Tools\Binn\;C:\Program Files\Microsoft SQL Server\Client SDK\ODBC\170\Tools\Binn\;I:\Azure Functions Core Tools\;I:\Putty\;C:\Program Files\Azure Data Studio\bin;I:\Java\OpenJDK\jdk-21.0.1\bin\;C:\WINDOWS\system32;C:\WINDOWS;C:\WINDOWS\System32\Wbem;C:\WINDOWS\System32\WindowsPowerShell\v1.0\;C:\WINDOWS\System32\OpenSSH\;I:\Nodejs\;C:\Softwares\terraform;C:\Program Files\Amazon\AWSCLIV2\;C:\Users\Makarand\AppData\Local\Programs\Python\Python313\Scripts\;C:\Users\Makarand\AppData\Local\Programs\Python\Python313\;C:\Users\Makarand\AppData\Local\Microsoft\WindowsApps;C:\Program Files\Azure Data Studio\bin;C:\Users\Makarand\.dotnet\tools;C:\Users\Makarand\AppData\Local\Programs\Ollama;C:\Softwares\JetBrains\IntelliJ IDEA Community Edition 2024.1.4\bin;;C:\Users\Makarand\AppData\Roaming\npm;C:\Softwares\Microsoft VS Code\bin;c:\Users\Makarand\AppData\Roaming\Code\User\globalStorage\github.copilot-chat\debugCommand;."/>
    <property name="maven.conf" value="C:\Softwares\Maven\apache-maven-3.8.5/conf"/>
    <property name="jdk.debug" value="release"/>
    <property name="java.class.version" value="65.0"/>
    <property name="java.specification.name" value="Java Platform API Specification"/>
    <property name="sun.management.compiler" value="HotSpot 64-Bit Tiered Compilers"/>
    <property name="os.version" value="10.0"/>
    <property name="library.jansi.path" value="C:\Softwares\Maven\apache-maven-3.8.5\lib\jansi-native"/>
    <property name="user.home" value="C:\Users\Makarand"/>
    <property name="user.timezone" value="Asia/Calcutta"/>
    <property name="file.encoding" value="UTF-8"/>
    <property name="java.specification.version" value="21"/>
    <property name="user.name" value="Makarand"/>
    <property name="java.class.path" value="C:\Softwares\Maven\apache-maven-3.8.5\boot\plexus-classworlds-2.6.0.jar"/>
    <property name="java.vm.specification.version" value="21"/>
    <property name="sun.arch.data.model" value="64"/>
    <property name="sun.java.command" value="org.codehaus.plexus.classworlds.launcher.Launcher verify org.sonarsource.scanner.maven:sonar-maven-plugin:sonar"/>
    <property name="java.home" value="I:\Java\OpenJDK\jdk-21.0.1"/>
    <property name="user.language" value="en"/>
    <property name="java.specification.vendor" value="Oracle Corporation"/>
    <property name="java.vm.info" value="mixed mode, sharing"/>
    <property name="java.version" value="21.0.1"/>
    <property name="native.encoding" value="Cp1252"/>
    <property name="java.vendor" value="Oracle Corporation"/>
    <property name="maven.home" value="C:\Softwares\Maven\apache-maven-3.8.5"/>
    <property name="file.separator" value="\"/>
    <property name="java.version.date" value="2023-10-17"/>
    <property name="java.vendor.url.bug" value="https://bugreport.java.com/bugreport/"/>
    <property name="sun.io.unicode.encoding" value="UnicodeLittle"/>
    <property name="sun.cpu.endian" value="little"/>
    <property name="sun.cpu.isalist" value="amd64"/>
  </properties>
  <testcase classname="com.example.todo.AppTest" name="com.example.todo.AppTest.testMain" time="0.002"/>
</testsuite>